
Showing logs for build [32mcb-kubecd-environment-pr-205-73-72zsf-1[0m stage [32mfrom-build-pack[0m and container [32mstep-credential-initializer-xq6dv[0m
{"level":"info","ts":1587309475.9003494,"logger":"fallback-logger","caller":"logging/config.go:69","msg":"Fetch GitHub commit ID from kodata failed: open /var/run/ko/refs/heads/0.8.0-ns-support: no such file or directory"}
{"level":"info","ts":1587309475.900986,"logger":"fallback-logger","caller":"creds-init/main.go:40","msg":"Credentials initialized."}

Showing logs for build [32mcb-kubecd-environment-pr-205-73-72zsf-1[0m stage [32mfrom-build-pack[0m and container [32mstep-working-dir-initializer-nxqk2[0m
{"level":"info","ts":1587309476.3210227,"logger":"fallback-logger","caller":"logging/config.go:69","msg":"Fetch GitHub commit ID from kodata failed: open /var/run/ko/HEAD: no such file or directory"}
{"level":"info","ts":1587309476.3267295,"logger":"fallback-logger","caller":"bash/main.go:64","msg":"Successfully executed command \"sh -c mkdir -p /workspace/source\"; output "}

Showing logs for build [32mcb-kubecd-environment-pr-205-73-72zsf-1[0m stage [32mfrom-build-pack[0m and container [32mstep-place-tools[0m

Showing logs for build [32mcb-kubecd-environment-pr-205-73-72zsf-1[0m stage [32mfrom-build-pack[0m and container [32mstep-git-source-cb-kubecd-environment-pr-205-73-72zsf-bfdfv[0m
{"level":"info","ts":1587309481.5433671,"logger":"fallback-logger","caller":"logging/config.go:69","msg":"Fetch GitHub commit ID from kodata failed: open /var/run/ko/refs/heads/0.8.0-ns-support: no such file or directory"}
{"level":"info","ts":1587309482.5931635,"logger":"fallback-logger","caller":"git/git.go:103","msg":"Successfully cloned https://github.com/cb-kubecd/environment-pr-205-73-boot-gke-staging.git @ master in path /workspace/source"}

Showing logs for build [32mcb-kubecd-environment-pr-205-73-72zsf-1[0m stage [32mfrom-build-pack[0m and container [32mstep-git-merge[0m
Using SHAs from PULL_REFS=master:ae8133f44bb26729269267c9efe0abec93768fab,4:a5841f0bcb19e01efc1c34cea5983f1a4dda5068
DEBUG: LC_ALL=C JX_LOG_LEVEL=error git fetch origin --unshallow a5841f0bcb19e01efc1c34cea5983f1a4dda5068: ae8133f44bb26729269267c9efe0abec93768fab:
DEBUG: ran git fetch --unshallow origin a5841f0bcb19e01efc1c34cea5983f1a4dda5068: ae8133f44bb26729269267c9efe0abec93768fab: in 
DEBUG: LC_ALL=C JX_LOG_LEVEL=error git branch
DEBUG: JX_LOG_LEVEL=error LC_ALL=C git checkout master
DEBUG: ran git checkout master in 
DEBUG: LC_ALL=C JX_LOG_LEVEL=error git reset --hard ae8133f44bb26729269267c9efe0abec93768fab
DEBUG: ran git reset --hard ae8133f44bb26729269267c9efe0abec93768fab in 
DEBUG: LC_ALL=C JX_LOG_LEVEL=error git clean -fd .
DEBUG: ran clean --force -d . in 
DEBUG: JX_LOG_LEVEL=error LC_ALL=C git merge a5841f0bcb19e01efc1c34cea5983f1a4dda5068
DEBUG: ran git merge a5841f0bcb19e01efc1c34cea5983f1a4dda5068 in 
DEBUG: LC_ALL=C JX_LOG_LEVEL=error git log --format=%H%x1f%an%x1f%ae%x1f%cn%x1f%ce%x1f%s%n%b%x1e ae8133f44bb26729269267c9efe0abec93768fab..HEAD
Merged SHA a5841f0bcb19e01efc1c34cea5983f1a4dda5068 with commit message 'chore: Promote bdd-nh-1587307793 to version 0.0.1' into base branch master

Showing logs for build [32mcb-kubecd-environment-pr-205-73-72zsf-1[0m stage [32mfrom-build-pack[0m and container [32mstep-build-helm-build[0m
WARNING: No $CHART_REPOSITORY defined so using the default value of: http://jenkins-x-chartmuseum:8080
Adding missing Helm repo: storage.googleapis.com https://storage.googleapis.com/chartmuseum.jenkins-x.io
WARNING: No secrets found on "helm/repos" due: reading the secret "helm/repos" from vault: no secret "helm/repos" not found in vault
Read credentials for https://storage.googleapis.com/chartmuseum.jenkins-x.io from vault helm/repos
Successfully added Helm repository storage.googleapis.com.
Adding missing Helm repo: jenkins-x-chartmuseum http://jenkins-x-chartmuseum:8080
WARNING: No secrets found on "helm/repos" due: reading the secret "helm/repos" from vault: no secret "helm/repos" not found in vault
Read credentials for http://jenkins-x-chartmuseum:8080 from vault helm/repos
Successfully added Helm repository jenkins-x-chartmuseum.
WARNING: No $CHART_REPOSITORY defined so using the default value of: http://jenkins-x-chartmuseum:8080
Adding missing Helm repo: chartmuseum.jenkins-x.io http://chartmuseum.jenkins-x.io
WARNING: No secrets found on "helm/repos" due: reading the secret "helm/repos" from vault: no secret "helm/repos" not found in vault
Read credentials for http://chartmuseum.jenkins-x.io from vault helm/repos
Successfully added Helm repository chartmuseum.jenkins-x.io.
