
Showing logs for build [32mcb-kubecd-environment-pr-205-73-6qt6b-1[0m stage [32mfrom-build-pack[0m and container [32mstep-credential-initializer-q6c6c[0m
{"level":"info","ts":1587310639.870272,"logger":"fallback-logger","caller":"logging/config.go:69","msg":"Fetch GitHub commit ID from kodata failed: open /var/run/ko/refs/heads/0.8.0-ns-support: no such file or directory"}
{"level":"info","ts":1587310639.8710616,"logger":"fallback-logger","caller":"creds-init/main.go:40","msg":"Credentials initialized."}

Showing logs for build [32mcb-kubecd-environment-pr-205-73-6qt6b-1[0m stage [32mfrom-build-pack[0m and container [32mstep-working-dir-initializer-dwbc8[0m
{"level":"info","ts":1587310640.2991052,"logger":"fallback-logger","caller":"logging/config.go:69","msg":"Fetch GitHub commit ID from kodata failed: open /var/run/ko/HEAD: no such file or directory"}
{"level":"info","ts":1587310640.3005586,"logger":"fallback-logger","caller":"bash/main.go:64","msg":"Successfully executed command \"sh -c mkdir -p /workspace/source\"; output "}

Showing logs for build [32mcb-kubecd-environment-pr-205-73-6qt6b-1[0m stage [32mfrom-build-pack[0m and container [32mstep-place-tools[0m

Showing logs for build [32mcb-kubecd-environment-pr-205-73-6qt6b-1[0m stage [32mfrom-build-pack[0m and container [32mstep-git-source-cb-kubecd-environment-pr-205-73-6qt6b-g6l77[0m
{"level":"info","ts":1587310643.3956535,"logger":"fallback-logger","caller":"logging/config.go:69","msg":"Fetch GitHub commit ID from kodata failed: open /var/run/ko/refs/heads/0.8.0-ns-support: no such file or directory"}
{"level":"info","ts":1587310644.4372296,"logger":"fallback-logger","caller":"git/git.go:103","msg":"Successfully cloned https://github.com/cb-kubecd/environment-pr-205-73-boot-gke-staging.git @ master in path /workspace/source"}

Showing logs for build [32mcb-kubecd-environment-pr-205-73-6qt6b-1[0m stage [32mfrom-build-pack[0m and container [32mstep-git-merge[0m
Using SHAs from PULL_REFS=master:6655cd5bfd8d2b596f2d21408d4a0d28954eb8d5,6:94ea206fa325dbe2aca406decf9b05d1044ccb6a
DEBUG: LC_ALL=C JX_LOG_LEVEL=error git fetch origin --unshallow 94ea206fa325dbe2aca406decf9b05d1044ccb6a: 6655cd5bfd8d2b596f2d21408d4a0d28954eb8d5:
DEBUG: ran git fetch --unshallow origin 94ea206fa325dbe2aca406decf9b05d1044ccb6a: 6655cd5bfd8d2b596f2d21408d4a0d28954eb8d5: in 
DEBUG: LC_ALL=C JX_LOG_LEVEL=error git branch
DEBUG: LC_ALL=C JX_LOG_LEVEL=error git checkout master
DEBUG: ran git checkout master in 
DEBUG: LC_ALL=C JX_LOG_LEVEL=error git reset --hard 6655cd5bfd8d2b596f2d21408d4a0d28954eb8d5
DEBUG: ran git reset --hard 6655cd5bfd8d2b596f2d21408d4a0d28954eb8d5 in 
DEBUG: LC_ALL=C JX_LOG_LEVEL=error git clean -fd .
DEBUG: ran clean --force -d . in 
DEBUG: LC_ALL=C JX_LOG_LEVEL=error git merge 94ea206fa325dbe2aca406decf9b05d1044ccb6a
DEBUG: ran git merge 94ea206fa325dbe2aca406decf9b05d1044ccb6a in 
DEBUG: LC_ALL=C JX_LOG_LEVEL=error git log --format=%H%x1f%an%x1f%ae%x1f%cn%x1f%ce%x1f%s%n%b%x1e 6655cd5bfd8d2b596f2d21408d4a0d28954eb8d5..HEAD
Merged SHA 94ea206fa325dbe2aca406decf9b05d1044ccb6a with commit message 'chore: Promote bdd-sbhg-import-1587309872 to version 0.0.1' into base branch master

Showing logs for build [32mcb-kubecd-environment-pr-205-73-6qt6b-1[0m stage [32mfrom-build-pack[0m and container [32mstep-build-helm-build[0m
WARNING: No $CHART_REPOSITORY defined so using the default value of: http://jenkins-x-chartmuseum:8080
Adding missing Helm repo: storage.googleapis.com https://storage.googleapis.com/chartmuseum.jenkins-x.io
WARNING: No secrets found on "helm/repos" due: reading the secret "helm/repos" from vault: no secret "helm/repos" not found in vault
Read credentials for https://storage.googleapis.com/chartmuseum.jenkins-x.io from vault helm/repos
Successfully added Helm repository storage.googleapis.com.
Adding missing Helm repo: jenkins-x-chartmuseum http://jenkins-x-chartmuseum:8080
WARNING: No secrets found on "helm/repos" due: reading the secret "helm/repos" from vault: no secret "helm/repos" not found in vault
Read credentials for http://jenkins-x-chartmuseum:8080 from vault helm/repos
Successfully added Helm repository jenkins-x-chartmuseum.
WARNING: No $CHART_REPOSITORY defined so using the default value of: http://jenkins-x-chartmuseum:8080
Adding missing Helm repo: chartmuseum.jenkins-x.io http://chartmuseum.jenkins-x.io
WARNING: No secrets found on "helm/repos" due: reading the secret "helm/repos" from vault: no secret "helm/repos" not found in vault
Read credentials for http://chartmuseum.jenkins-x.io from vault helm/repos
Successfully added Helm repository chartmuseum.jenkins-x.io.
